C51 COMPILER V9.59.0.0   MAIN                                                              05/01/2021 13:03:34 PAGE 1   


C51 COMPILER V9.59.0.0, COMPILATION OF MODULE MAIN
OBJECT MODULE PLACED IN main.OBJ
COMPILER INVOKED BY: C:\Keil_v5\C51\BIN\C51.EXE main.c LARGE OPTIMIZE(0,SPEED) BROWSE DEBUG OBJECTEXTEND

line level    source

   1          #include <STC15.h>
   2          #include <intrins.h>
   3          #include <I2C.h>
   4          
   5          sbit LED = P3^4;
   6          sbit I2C_SCL = P3^6;
   7          sbit I2C_SDA = P3^7;
   8          
   9          void delay(unsigned int delay_time)             //1毫秒@22.1184MHz
  10          {
  11   1              unsigned char i, j;
  12   1              for(;delay_time>0;delay_time--)
  13   1              {
  14   2                      _nop_();
  15   2                      _nop_();
  16   2                      i = 22;
  17   2                      j = 128;
  18   2                      do
  19   2                      {
  20   3                              while (--j);
  21   3                      } while (--i);
  22   2              }
  23   1      }
  24          
  25          void InitADC();
  26          unsigned char GetADCResult(unsigned char ch);
  27          
  28          #define ADC_POWER   0x80            //ADC电源控制位
  29          #define ADC_FLAG    0x10            //ADC完成标志
  30          #define ADC_START   0x08            //ADC起始控制位
  31          #define ADC_SPEEDLL 0x00            //540个时钟
  32          #define ADC_SPEEDL  0x20            //360个时钟
  33          #define ADC_SPEEDH  0x40            //180个时钟
  34          #define ADC_SPEEDHH 0x60            //90个时钟
  35          
  36          /*----------------------------
  37          初始化ADC
  38          ----------------------------*/
  39          void InitADC()
  40          {
  41   1          P1ASF = 0xff;                   //设置P1口为AD口，0xff表示8通道全开
  42   1          ADC_RES = 0;                    //清除结果寄存器
  43   1          ADC_CONTR = ADC_POWER | ADC_SPEEDLL;
  44   1          delay(20);                       //ADC上电并延时
  45   1      }
  46          
  47          /*----------------------------
  48          读取ADC结果
  49          ----------------------------*/
  50          unsigned char GetADCResult(unsigned char ch)
  51          {
  52   1          ADC_CONTR = ADC_POWER | ADC_SPEEDLL | ch | ADC_START;
  53   1          _nop_();                        //等待4个NOP
  54   1          _nop_();
  55   1          _nop_();
C51 COMPILER V9.59.0.0   MAIN                                                              05/01/2021 13:03:34 PAGE 2   

  56   1          _nop_();
  57   1          while (!(ADC_CONTR & ADC_FLAG));//等待ADC转换完成
  58   1          ADC_CONTR &= ~ADC_FLAG;         //Close ADC
  59   1      
  60   1          return ADC_RES;                 //返回ADC结果
  61   1      }
  62          /*
  63          void test(void){
  64                  while(1){
  65                          I2C_SCL=1;
  66                          delay(10);
  67                          I2C_SDA=1;
  68                          delay(10);
  69                          I2C_SCL=0;
  70                          delay(10);
  71                          I2C_SDA=0;
  72                          delay(10);
  73                          LED = !LED;
  74                  }
  75          }*/
  76          
  77          /*----------------------------
  78          主程序由此开始
  79          ----------------------------*/
  80          
  81          #define ADDR 7          //定义从机地址/编号
  82          unsigned char TX_data[8],i;
  83          
  84          main()
  85          {
  86   1              delay(0);
  87   1              InitADC();
  88   1              EA = 1;
  89   1              LED = 1;
  90   1              delay(10);
  91   1      //      test();
  92   1              while(1)
  93   1              {
  94   2                      for(i=0;i<8;i++)TX_data[i]=GetADCResult(i);
  95   2                      LED = 0;
  96   2                      while(!I2C_Write(TX_data,ADDR,8));//ADDR：从机地址
  97   2                      LED = 1;
  98   2                      //delay(10);
  99   2              }
 100   1      }
 101          
 102          
 103          /*void Timer0Init(void)
 104          {
 105                  ET0 = 1;                //定时器0开中断
 106                  PT0 = 1;                //定时器0中断最高优先级
 107          }*/
 108          
 109          /*void Timer2Init(void)
 110          {
 111                  IE2 |= 0x04;    //定时器2开中断
 112          }*/
 113          
 114          /*void PCAInit()        //定时100Hz
 115          {
 116                  CCON = 0; //初始化PCA控制寄存器
 117                  //PCA定时器停止
C51 COMPILER V9.59.0.0   MAIN                                                              05/01/2021 13:03:34 PAGE 3   

 118                  //清除CF标志
 119                  //清除模块中断标志
 120                  CL = 0; //复位PCA寄存器
 121                  CH = 0;
 122                  CMOD = 0x00; //设置PCA时钟源
 123                  //禁止PCA定时器溢出中断
 124                  CCAP0L = 0x00;
 125                  CCAP0H = 0x6C; //初始化PCA模块0
 126                  CCAPM0 = 0x49; //PCA模块0为16位定时器模式
 127                  CR = 1; //PCA定时器开始工作
 128          }*/
 129          
 130          /*void Uart1Init(void)          //115200bps@22.1184MHz
 131          {
 132                  SCON = 0x50;            //8位数据,可变波特率
 133                  AUXR |= 0x01;           //串口1选择定时器2为波特率发生器
 134                  AUXR |= 0x04;           //定时器2时钟为Fosc,即1T
 135                  T2L = 0xD0;             //设定定时初值
 136                  T2H = 0xFF;             //设定定时初值
 137                  AUXR |= 0x10;           //启动定时器2
 138                  ES = 1;                 //使能串口1中断
 139          }*/
 140          
 141          /*void Uart2Init(void)          //115200bps@22.1184MHz
 142          {
 143                  S2CON = 0x50;           //8位数据,可变波特率
 144                  AUXR |= 0x04;           //定时器2时钟为Fosc,即1T
 145                  T2L = 0xD0;             //设定定时初值
 146                  T2H = 0xFF;             //设定定时初值
 147                  AUXR |= 0x10;           //启动定时器2
 148                  IE2 |= 0x01;            //使能串口2中断
 149          }*/


MODULE INFORMATION:   STATIC OVERLAYABLE
   CODE SIZE        =    226    ----
   CONSTANT SIZE    =   ----    ----
   XDATA SIZE       =     14    ----
   PDATA SIZE       =   ----    ----
   DATA SIZE        =   ----    ----
   IDATA SIZE       =   ----    ----
   BIT SIZE         =   ----    ----
END OF MODULE INFORMATION.


C51 COMPILATION COMPLETE.  0 WARNING(S),  0 ERROR(S)
